<?xml version="1.0" encoding="utf-8"?><testsuites name="pytest tests"><testsuite name="pytest" errors="0" failures="0" skipped="0" tests="20" time="6.369" timestamp="2026-05-16T01:22:54.185592+00:00" hostname="agent-env-0c24f443-f0b3-45da-8b0b-c8ee07d6f7af"><testcase classname="tests.test_capstone_scope" name="test_health" time="0.279" /><testcase classname="tests.test_capstone_scope.TestAuthScope" name="test_employer_self_register_blocked" time="0.130" /><testcase classname="tests.test_capstone_scope.TestAuthScope" name="test_job_seeker_self_register_works" time="0.189" /><testcase classname="tests.test_capstone_scope.TestAuthScope" name="test_logins_still_work" time="0.639" /><testcase classname="tests.test_capstone_scope.TestAdminCreateEmployer" name="test_admin_creates_employer" time="0.424" /><testcase classname="tests.test_capstone_scope.TestAdminCreateEmployer" name="test_non_admin_cannot_create_employer" time="0.267" /><testcase classname="tests.test_capstone_scope.TestAdminCreateEmployer" name="test_duplicate_employer_rejected" time="0.099" /><testcase classname="tests.test_capstone_scope.TestAdminCreateEmployer" name="test_admin_employers_list_uses_account_status" time="0.134" /><testcase classname="tests.test_capstone_scope.TestDeactivateReactivate" name="test_create_test_seeker_and_deactivate" time="0.474" /><testcase classname="tests.test_capstone_scope.TestDeactivateReactivate" name="test_deactivated_seeker_cannot_login" time="0.193" /><testcase classname="tests.test_capstone_scope.TestDeactivateReactivate" name="test_reactivate" time="0.315" /><testcase classname="tests.test_capstone_scope.TestCloseJob" name="test_create_and_close_job" time="0.283" /><testcase classname="tests.test_capstone_scope.TestCloseJob" name="test_closed_job_excluded_from_public_listing" time="0.104" /><testcase classname="tests.test_capstone_scope.TestCloseJob" name="test_closed_job_record_still_exists" time="0.147" /><testcase classname="tests.test_capstone_scope.TestApplicationStatuses" name="test_default_status_submitted" time="0.291" /><testcase classname="tests.test_capstone_scope.TestApplicationStatuses" name="test_status_update_accepts_all_six_and_rejects_hired" time="1.118" /><testcase classname="tests.test_capstone_scope.TestNSRPOCR" name="test_upload_and_extract_unreadable_image_returns_200" time="0.798" /><testcase classname="tests.test_capstone_scope.TestNSRPOCR" name="test_confirm_is_explicit" time="0.120" /><testcase classname="tests.test_capstone_scope.TestMatchNoRanking" name="test_match_returns_matched_and_unmatched_only" time="0.204" /><testcase classname="tests.test_capstone_scope.TestAdminStats" name="test_stats_shape" time="0.104" /></testsuite></testsuites>