<?xml version="1.0" encoding="utf-8"?><testsuites name="pytest tests"><testsuite name="pytest" errors="0" failures="0" skipped="0" tests="57" time="11.619" timestamp="2026-05-16T01:23:36.936234+00:00" hostname="agent-env-0c24f443-f0b3-45da-8b0b-c8ee07d6f7af"><testcase classname="tests.test_backend" name="test_health" time="0.170" /><testcase classname="tests.test_backend.TestAuth" name="test_login_admin" time="0.197" /><testcase classname="tests.test_backend.TestAuth" name="test_login_seeker" time="0.173" /><testcase classname="tests.test_backend.TestAuth" name="test_login_employer" time="0.194" /><testcase classname="tests.test_backend.TestAuth" name="test_login_invalid" time="0.182" /><testcase classname="tests.test_backend.TestAuth" name="test_me_admin" time="0.121" /><testcase classname="tests.test_backend.TestAuth" name="test_me_seeker_has_profile" time="0.110" /><testcase classname="tests.test_backend.TestAuth" name="test_register_job_seeker" time="0.174" /><testcase classname="tests.test_backend.TestAuth" name="test_register_employer_blocked" time="0.102" /><testcase classname="tests.test_backend.TestAuth" name="test_register_duplicate" time="0.107" /><testcase classname="tests.test_backend.TestAuth" name="test_invalid_jwt" time="0.111" /><testcase classname="tests.test_backend.TestJobSeeker" name="test_get_profile" time="0.117" /><testcase classname="tests.test_backend.TestJobSeeker" name="test_update_profile" time="0.099" /><testcase classname="tests.test_backend.TestJobSeeker" name="test_skills_replace" time="0.236" /><testcase classname="tests.test_backend.TestNSRP" name="test_extract_simulated" time="0.440" /><testcase classname="tests.test_backend.TestNSRP" name="test_confirm_save" time="0.109" /><testcase classname="tests.test_backend.TestJobs" name="test_list_jobs" time="0.113" /><testcase classname="tests.test_backend.TestJobs" name="test_search_jobs" time="0.139" /><testcase classname="tests.test_backend.TestJobs" name="test_job_details" time="0.217" /><testcase classname="tests.test_backend.TestJobs" name="test_skill_match" time="0.238" /><testcase classname="tests.test_backend.TestJobs" name="test_match_forbidden_for_employer" time="0.377" /><testcase classname="tests.test_backend.TestApplications" name="test_my_applications" time="0.112" /><testcase classname="tests.test_backend.TestApplications" name="test_duplicate_application_rejected" time="0.249" /><testcase classname="tests.test_backend.TestApplications" name="test_application_detail" time="0.248" /><testcase classname="tests.test_backend.TestEmployer" name="test_employer_profile" time="0.101" /><testcase classname="tests.test_backend.TestEmployer" name="test_employer_jobs_list" time="0.103" /><testcase classname="tests.test_backend.TestEmployer" name="test_pending_employer_cannot_post" time="0.276" /><testcase classname="tests.test_backend.TestEmployer" name="test_employer_create_update_delete_job" time="0.462" /><testcase classname="tests.test_backend.TestEmployer" name="test_application_status_update_valid_and_invalid_enum" time="0.422" /><testcase classname="tests.test_backend.TestAdmin" name="test_stats" time="0.108" /><testcase classname="tests.test_backend.TestAdmin" name="test_pending_employers" time="0.119" /><testcase classname="tests.test_backend.TestAdmin" name="test_admin_jobs_and_applications" time="0.222" /><testcase classname="tests.test_backend.TestMisc" name="test_skills_master_list" time="0.101" /><testcase classname="tests.test_backend.TestMisc" name="test_notifications" time="0.103" /><testcase classname="tests.test_backend.TestRBAC" name="test_seeker_blocked_from_employer" time="0.106" /><testcase classname="tests.test_backend.TestRBAC" name="test_employer_blocked_from_admin" time="0.098" /><testcase classname="tests.test_backend.TestRBAC" name="test_seeker_blocked_from_admin" time="0.105" /><testcase classname="tests.test_capstone_scope" name="test_health" time="0.119" /><testcase classname="tests.test_capstone_scope.TestAuthScope" name="test_employer_self_register_blocked" time="0.104" /><testcase classname="tests.test_capstone_scope.TestAuthScope" name="test_job_seeker_self_register_works" time="0.188" /><testcase classname="tests.test_capstone_scope.TestAuthScope" name="test_logins_still_work" time="0.000" /><testcase classname="tests.test_capstone_scope.TestAdminCreateEmployer" name="test_admin_creates_employer" time="0.361" /><testcase classname="tests.test_capstone_scope.TestAdminCreateEmployer" name="test_non_admin_cannot_create_employer" time="0.222" /><testcase classname="tests.test_capstone_scope.TestAdminCreateEmployer" name="test_duplicate_employer_rejected" time="0.102" /><testcase classname="tests.test_capstone_scope.TestAdminCreateEmployer" name="test_admin_employers_list_uses_account_status" time="0.101" /><testcase classname="tests.test_capstone_scope.TestDeactivateReactivate" name="test_create_test_seeker_and_deactivate" time="0.436" /><testcase classname="tests.test_capstone_scope.TestDeactivateReactivate" name="test_deactivated_seeker_cannot_login" time="0.168" /><testcase classname="tests.test_capstone_scope.TestDeactivateReactivate" name="test_reactivate" time="0.293" /><testcase classname="tests.test_capstone_scope.TestCloseJob" name="test_create_and_close_job" time="0.217" /><testcase classname="tests.test_capstone_scope.TestCloseJob" name="test_closed_job_excluded_from_public_listing" time="0.111" /><testcase classname="tests.test_capstone_scope.TestCloseJob" name="test_closed_job_record_still_exists" time="0.131" /><testcase classname="tests.test_capstone_scope.TestApplicationStatuses" name="test_default_status_submitted" time="0.294" /><testcase classname="tests.test_capstone_scope.TestApplicationStatuses" name="test_status_update_accepts_all_six_and_rejects_hired" time="1.106" /><testcase classname="tests.test_capstone_scope.TestNSRPOCR" name="test_upload_and_extract_unreadable_image_returns_200" time="0.503" /><testcase classname="tests.test_capstone_scope.TestNSRPOCR" name="test_confirm_is_explicit" time="0.109" /><testcase classname="tests.test_capstone_scope.TestMatchNoRanking" name="test_match_returns_matched_and_unmatched_only" time="0.196" /><testcase classname="tests.test_capstone_scope.TestAdminStats" name="test_stats_shape" time="0.117" /></testsuite></testsuites>